## Old Fashioned ↑←↓↑x (forensics 250 pts)  
### Challenge:  
```
What is this cheat code up-left-down-upx?
```
### Attachments
- [old-fashioned-up-left-down-up-x_361137df01363bfb8b90f911cdd09d54.zip](https://github.com/6cyril/ctf-writeups/blob/master/HKCERT%20CTF%202021/files/old-fashioned-up-left-down-up-x_361137df01363bfb8b90f911cdd09d54.zip)

### Solution:  
Placeholder    
1. Install `upx` command in Linux box
2. `sh> upx -d up-left-down-up-x`
``` 
cyril@ubuntu:~/Desktop/hkcert21/tmp$ ./up-left-down-up-x2 
usage: ./test <flag> 
```
3. Debug it
```
sh> gdb ./up-left-down-up-x2 
gdb-peda$ br *main
gdb-peda$ r hkcer21{aaaaaaaaaaaaaaaaaaaaaaaaaa}
gdb-peda$ pdis
Dump of assembler code for function main:
=> 0x000055555556af50 <+0>:	push   rax
   0x000055555556af51 <+1>:	mov    rcx,rsi
   0x000055555556af54 <+4>:	movsxd rdx,edi
   0x000055555556af57 <+7>:	lea    rax,[rip+0xffffffffffffd6e2]        # 0x555555568640 <_ZN17up_left_down_up_x4main17h9c3d9d98dbda2e04E>
   0x000055555556af5e <+14>:	mov    QWORD PTR [rsp],rax
   0x000055555556af62 <+18>:	lea    rsi,[rip+0x36c1f]        # 0x5555555a1b88 <anon.3ac88b0f89de76a451571a418bf1dd1b.0.llvm.1415829685589290055>
   0x000055555556af69 <+25>:	mov    rdi,rsp
   0x000055555556af6c <+28>:	call   QWORD PTR [rip+0x392ce]        # 0x5555555a4240
   0x000055555556af72 <+34>:	pop    rcx
   0x000055555556af73 <+35>:	ret    
End of assembler dump.
```
4. Tried to step into the call at *main+28
`gdb-peda$ ni` till *main+28, `gdb-peda$ si`, nothing is found  
5. Noted there is a pointer to a function at *main+7, add breakpoint `gdb-peda$ br _ZN17up_left_down_up_x4main17h9c3d9d98dbda2e04E`
6. Re-run `gdb-peda$ r hkcer21{aaaaaaaaaaaaaaaaaaaaaaaaaa}` and step through until the program checks 1st character of our input 'h' by an instruction at _ZN17up_left_down_up_x4main17h9c3d9d98dbda2e04E+388 `cmp al,0x68`
```
[----------------------------------registers-----------------------------------]
RAX: 0x68 ('h')
RBX: 0x32 ('2')
RCX: 0x8052690 ("hkcert21{", 'a' <repeats 40 times>, "}libgccA\016")
RDX: 0x8052691 ("kcert21{", 'a' <repeats 40 times>, "}libgccA\016")
RSI: 0x0
RDI: 0x7ffffffedf10
RBP: 0x8016fd0 --> 0xcccccc0001763be9
RSP: 0x7ffffffedf10
RIP: 0x80147c4 --> 0x2fb83485c75683c
R8 : 0x80526c2 --> 0xe4163636762696c
R9 : 0x800b446 --> 0x101010101010101
R10: 0x8080808080808080
R11: 0x7fffff74bbe0 --> 0x8053600 --> 0x0
R12: 0xaaaaaaaaaaaaaaab
R13: 0x80526c2 --> 0xe4163636762696c
R14: 0x8052690 ("hkcert21{", 'a' <repeats 40 times>, "}libgccA\016")
R15: 0x7ffffffedf58
EFLAGS: 0x283 (CARRY parity adjust zero SIGN trap INTERRUPT direction overflow)
[-------------------------------------code-------------------------------------]
   0x80147b4 <_ZN17up_left_down_up_x4main17h9c3d9d98dbda2e04E+372>:     call   0x80144b0 <_ZN4core4iter6traits8iterator8Iterator3nth17h468771170a27cadeE>
   0x80147b9 <_ZN17up_left_down_up_x4main17h9c3d9d98dbda2e04E+377>:     cmp    eax,0x110000
   0x80147be <_ZN17up_left_down_up_x4main17h9c3d9d98dbda2e04E+382>:     je     0x8014c64 <_ZN17up_left_down_up_x4main17h9c3d9d98dbda2e04E+1572>
=> 0x80147c4 <_ZN17up_left_down_up_x4main17h9c3d9d98dbda2e04E+388>:     cmp    al,0x68
   0x80147c6 <_ZN17up_left_down_up_x4main17h9c3d9d98dbda2e04E+390>:     jne    0x8014824 <_ZN17up_left_down_up_x4main17h9c3d9d98dbda2e04E+484>
   0x80147c8 <_ZN17up_left_down_up_x4main17h9c3d9d98dbda2e04E+392>:     cmp    rbx,0x2
   0x80147cc <_ZN17up_left_down_up_x4main17h9c3d9d98dbda2e04E+396>:     jae    0x80148b7 <_ZN17up_left_down_up_x4main17h9c3d9d98dbda2e04E+631>
   0x80147d2 <_ZN17up_left_down_up_x4main17h9c3d9d98dbda2e04E+402>:     mov    esi,0x1
[------------------------------------stack-------------------------------------]
Invalid $SP address: 0x7ffffffedf10
[------------------------------------------------------------------------------]
Legend: code, data, rodata, value
```
7. Noted that the comparison do not require any transformation like XOR, disassemble current function by running `pdis` and find all lines like `cmp al,0x68`
```
	Line 94:    0x00000000080147c4 <+388>:   cmp    al,0x68
	Line 148:    0x00000000080148d8 <+664>:   cmp    al,0x6b
	Line 222:    0x00000000080149f7 <+951>:   cmp    al,0x63
	Line 241:    0x0000000008014a44 <+1028>:  cmp    al,0x65
	Line 260:    0x0000000008014a91 <+1105>:  cmp    al,0x72
	Line 279:    0x0000000008014ade <+1182>:  cmp    al,0x74
	Line 298:    0x0000000008014b2b <+1259>:  cmp    al,0x32
	Line 317:    0x0000000008014b78 <+1336>:  cmp    al,0x31
	Line 336:    0x0000000008014bc5 <+1413>:  cmp    al,0x7b
	Line 355:    0x0000000008014c12 <+1490>:  cmp    al,0x6a
	Line 385:    0x0000000008014ca3 <+1635>:  cmp    al,0x75
	Line 419:    0x0000000008014d4a <+1802>:  cmp    al,0x35
	Line 443:    0x0000000008014db5 <+1909>:  cmp    al,0x74
	Line 467:    0x0000000008014e20 <+2016>:  cmp    al,0x5f
	Line 491:    0x0000000008014e8b <+2123>:  cmp    al,0x73
	Line 515:    0x0000000008014ef6 <+2230>:  cmp    al,0x30
	Line 539:    0x0000000008014f61 <+2337>:  cmp    al,0x6d
	Line 563:    0x0000000008014fcc <+2444>:  cmp    al,0x33
	Line 587:    0x0000000008015037 <+2551>:  cmp    al,0x5f
	Line 611:    0x00000000080150a2 <+2658>:  cmp    al,0x35
	Line 635:    0x000000000801510d <+2765>:  cmp    al,0x69
	Line 659:    0x0000000008015178 <+2872>:  cmp    al,0x6d
	Line 683:    0x00000000080151e3 <+2979>:  cmp    al,0x50
	Line 707:    0x000000000801524e <+3086>:  cmp    al,0x31
	Line 731:    0x00000000080152b9 <+3193>:  cmp    al,0x33
	Line 755:    0x0000000008015324 <+3300>:  cmp    al,0x5f
	Line 779:    0x000000000801538f <+3407>:  cmp    al,0x75
	Line 803:    0x00000000080153fa <+3514>:  cmp    al,0x70
	Line 827:    0x0000000008015465 <+3621>:  cmp    al,0x78
	Line 896:    0x00000000080155de <+3998>:  cmp    al,0x26
	Line 920:    0x0000000008015645 <+4101>:  cmp    al,0x72
	Line 944:    0x00000000080156ac <+4204>:  cmp    al,0x75
	Line 968:    0x0000000008015713 <+4307>:  cmp    al,0x35
	Line 992:    0x000000000801577a <+4410>:  cmp    al,0x54
	Line 1016:    0x00000000080157e1 <+4513>:  cmp    al,0x5f
	Line 1040:    0x0000000008015848 <+4616>:  cmp    al,0x6d
	Line 1064:    0x00000000080158af <+4719>:  cmp    al,0x34
	Line 1088:    0x0000000008015916 <+4822>:  cmp    al,0x63
	Line 1112:    0x000000000801597d <+4925>:  cmp    al,0x72
	Line 1136:    0x00000000080159e4 <+5028>:  cmp    al,0x30
	Line 1160:    0x0000000008015a4b <+5131>:  cmp    al,0x5f
	Line 1184:    0x0000000008015ab2 <+5234>:  cmp    al,0x63
	Line 1208:    0x0000000008015b19 <+5337>:  cmp    al,0x30
	Line 1232:    0x0000000008015b80 <+5440>:  cmp    al,0x64
	Line 1256:    0x0000000008015be7 <+5543>:  cmp    al,0x33
	Line 1280:    0x0000000008015c4e <+5646>:  cmp    al,0x67
	Line 1304:    0x0000000008015cb5 <+5749>:  cmp    al,0x33
	Line 1328:    0x0000000008015d1c <+5852>:  cmp    al,0x6e
	Line 1352:    0x0000000008015d83 <+5955>:  cmp    al,0x7d
```
8. Extract the part after comma, decode the output with [CyberChef](https://gchq.github.io/CyberChef/#recipe=From_Hex('Auto')&input=MHg2OAoweDZiCjB4NjMKMHg2NQoweDcyCjB4NzQKMHgzMgoweDMxCjB4N2IKMHg2YQoweDc1CjB4MzUKMHg3NAoweDVmCjB4NzMKMHgzMAoweDZkCjB4MzMKMHg1ZgoweDM1CjB4NjkKMHg2ZAoweDUwCjB4MzEKMHgzMwoweDVmCjB4NzUKMHg3MAoweDc4CjB4MjYKMHg3MgoweDc1CjB4MzUKMHg1NAoweDVmCjB4NmQKMHgzNAoweDYzCjB4NzIKMHgzMAoweDVmCjB4NjMKMHgzMAoweDY0CjB4MzMKMHg2NwoweDMzCjB4NmUKMHg3ZA)

Flag: `hkcert21{ju5t_s0m3_5imP13_upx&ru5T_m4cr0_c0d3g3n}`  
  
